Traceback (most recent call last):
  File "/usr/local/lib/python3.12/dist-packages/jupyter_cache/executors/utils.py", line 58, in single_nb_execution
    executenb(
  File "/usr/local/lib/python3.12/dist-packages/nbclient/client.py", line 1319, in execute
    return NotebookClient(nb=nb, resources=resources, km=km, **kwargs).execute()
           ^^^^^^^^^^^^^^^^^^^^^^^^^^^^^^^^^^^^^^^^^^^^^^^^^^^^^^^^^^^^^^^^^^^^^
  File "/usr/local/lib/python3.12/dist-packages/jupyter_core/utils/__init__.py", line 165, in wrapped
    return loop.run_until_complete(inner)
           ^^^^^^^^^^^^^^^^^^^^^^^^^^^^^^
  File "/usr/lib/python3.12/asyncio/base_events.py", line 691, in run_until_complete
    return future.result()
           ^^^^^^^^^^^^^^^
  File "/usr/local/lib/python3.12/dist-packages/nbclient/client.py", line 709, in async_execute
    await self.async_execute_cell(
  File "/usr/local/lib/python3.12/dist-packages/nbclient/client.py", line 1062, in async_execute_cell
    await self._check_raise_for_error(cell, cell_index, exec_reply)
  File "/usr/local/lib/python3.12/dist-packages/nbclient/client.py", line 918, in _check_raise_for_error
    raise CellExecutionError.from_cell_and_msg(cell, exec_reply_content)
nbclient.exceptions.CellExecutionError: An error occurred while executing the following cell:
------------------
import netCDF4

file_path = "./no2_averages_4years.nc"
ds = netCDF4.Dataset(file_path)

# Lihat seluruh variabel yang tersedia
print("📦 Variabel dalam file:")
print(ds.variables.keys())

# Misal variabel utama bernama "NO2"
no2 = ds.variables["NO2"][:]

# Waktu (biasanya dalam format 'days since ...' atau sejenis)
time = ds.variables["t"][:]

# Konversi waktu ke format tanggal jika punya atribut 'units'
try:
    time_units = ds.variables["t"].units
    dates = netCDF4.num2date(time, units=time_units)
except Exception:
    dates = time  # fallback kalau tidak ada units

# Tampilkan 10 baris pertama
print("\n📅 Contoh data pertama:")
for i in range(min(10, len(no2))):
    print(f"{dates[i]} | NO2: {no2[i]}")
------------------


[0;31m---------------------------------------------------------------------------[0m
[0;31mModuleNotFoundError[0m                       Traceback (most recent call last)
[0;32m/tmp/ipython-input-3706803864.py[0m in [0;36m<cell line: 0>[0;34m()[0m
[0;32m----> 1[0;31m [0;32mimport[0m [0mnetCDF4[0m[0;34m[0m[0;34m[0m[0m
[0m[1;32m      2[0m [0;34m[0m[0m
[1;32m      3[0m [0mfile_path[0m [0;34m=[0m [0;34m"./no2_averages_4years.nc"[0m[0;34m[0m[0;34m[0m[0m
[1;32m      4[0m [0mds[0m [0;34m=[0m [0mnetCDF4[0m[0;34m.[0m[0mDataset[0m[0;34m([0m[0mfile_path[0m[0;34m)[0m[0;34m[0m[0;34m[0m[0m
[1;32m      5[0m [0;34m[0m[0m

[0;31mModuleNotFoundError[0m: No module named 'netCDF4'

[0;31m---------------------------------------------------------------------------[0;32m
NOTE: If your import is failing due to a missing package, you can
manually install dependencies using either !pip or !apt.

To view examples of installing some common dependencies, click the
"Open Examples" button below.
[0;31m---------------------------------------------------------------------------[0m


